{
  "addresses": {}, 
  "links": [
    {
      "href": "https://cyclades.okeanos.grnet.gr/compute/v2.0/servers/456807", 
      "rel": "self"
    }, 
    {
      "href": "https://cyclades.okeanos.grnet.gr/compute/v2.0/servers/456807", 
      "rel": "bookmark"
    }
  ], 
  "image": {
    "id": "440d9ca1-9132-4880-b96f-c7ebed5f3150", 
    "links": [
      {
        "href": "https://cyclades.okeanos.grnet.gr/compute/v2.0/images/440d9ca1-9132-4880-b96f-c7ebed5f3150", 
        "rel": "self"
      }, 
      {
        "href": "https://cyclades.okeanos.grnet.gr/compute/v2.0/images/440d9ca1-9132-4880-b96f-c7ebed5f3150", 
        "rel": "bookmark"
      }, 
      {
        "href": "https://cyclades.okeanos.grnet.gr/image/v1.0/images/440d9ca1-9132-4880-b96f-c7ebed5f3150", 
        "rel": "alternate"
      }
    ]
  }, 
  "suspended": false, 
  "flavor": {
    "id": 165, 
    "links": [
      {
        "href": "https://cyclades.okeanos.grnet.gr/compute/v2.0/flavors/165", 
        "rel": "self"
      }, 
      {
        "href": "https://cyclades.okeanos.grnet.gr/compute/v2.0/flavors/165", 
        "rel": "bookmark"
      }
    ]
  }, 
  "id": 456807, 
  "security_groups": [
    {
      "name": "default"
    }
  ], 
  "attachments": [], 
  "user_id": "51819571-6e2e-429e-8ffe-0f1999acbc1c", 
  "accessIPv4": "", 
  "accessIPv6": "", 
  "progress": 0, 
  "config_drive": "", 
  "status": "BUILD", 
  "updated": "2014-02-17T13:13:52.103835+00:00", 
  "hostId": "", 
  "SNF:fqdn": "snf-456807.vm.okeanos.grnet.gr", 
  "key_name": null, 
  "name": "seednode", 
  "adminPass": "9MYzzvh9Xa", 
  "tenant_id": "51819571-6e2e-429e-8ffe-0f1999acbc1c", 
  "created": "2014-02-17T13:13:50.857319+00:00", 
  "SNF:task_state": "BULDING", 
  "diagnostics": [], 
  "metadata": {
    "os": "debian", 
    "users": "root"
  }, 
  "SNF:port_forwarding": {}
}